<?xml version="1.0" encoding="UTF-8"?>
<!-- Generated by org.testng.reporters.JUnitReportReporter -->
<testsuite hostname="LAPTOP-KAR4A207" failures="0" tests="1" name="GroupingMethods.Signuptest" time="0.002" errors="0" timestamp="2025-01-22T20:04:36 IST" skipped="0">
  <testcase classname="GroupingMethods.Signuptest" name="signup" time="0.002"/>
</testsuite> <!-- GroupingMethods.Signuptest -->
