<?xml version="1.0" encoding="UTF-8"?>
<!-- Generated by org.testng.reporters.JUnitReportReporter -->
<testsuite hostname="LAPTOP-KAR4A207" failures="0" tests="1" name="AssertionMethods.AssertionsExercise" time="0.013" errors="0" timestamp="2025-01-22T19:04:05 IST" skipped="0">
  <testcase classname="AssertionMethods.AssertionsExercise" name="testTitle1" time="0.013"/>
</testsuite> <!-- AssertionMethods.AssertionsExercise -->
