<?xml version="1.0" encoding="UTF-8"?>
<!-- Generated by org.testng.reporters.JUnitReportReporter -->
<testsuite hostname="LAPTOP-KAR4A207" failures="0" tests="2" name="AnnotationTest.Annotationtestexer" time="0.024" errors="0" timestamp="2025-01-22T10:36:16 IST" skipped="0">
  <testcase classname="AnnotationTest.Annotationtestexer" name="search" time="0.010"/>
  <testcase classname="AnnotationTest.Annotationtestexer" name="advancedsearch" time="0.014"/>
</testsuite> <!-- AnnotationTest.Annotationtestexer -->
