<?xml version="1.0" encoding="UTF-8"?>
<!-- Generated by org.testng.reporters.JUnitReportReporter -->
<testsuite hostname="LAPTOP-KAR4A207" failures="0" tests="2" name="Testanotationbeforafter.c2" time="0.005" errors="0" timestamp="2025-01-22T10:49:03 IST" skipped="0">
  <testcase classname="Testanotationbeforafter.c2" name="xyz" time="0.002"/>
  <testcase classname="Testanotationbeforafter.c2" name="xyz" time="0.003"/>
</testsuite> <!-- Testanotationbeforafter.c2 -->
