<?xml version="1.0" encoding="UTF-8"?>
<!-- Generated by org.testng.reporters.JUnitReportReporter -->
<testsuite hostname="LAPTOP-KAR4A207" failures="0" tests="5" name="DependencyMethods.Dependency1" time="0.020" errors="0" timestamp="2025-01-22T19:36:48 IST" skipped="0">
  <testcase classname="DependencyMethods.Dependency1" name="advsearch" time="0.002"/>
  <testcase classname="DependencyMethods.Dependency1" name="openapp" time="0.010"/>
  <testcase classname="DependencyMethods.Dependency1" name="logout" time="0.001"/>
  <testcase classname="DependencyMethods.Dependency1" name="login" time="0.003"/>
  <testcase classname="DependencyMethods.Dependency1" name="search" time="0.004"/>
</testsuite> <!-- DependencyMethods.Dependency1 -->
