<?xml version="1.0" encoding="UTF-8"?>
<!-- Generated by org.testng.reporters.JUnitReportReporter -->
<testsuite hostname="LAPTOP-KAR4A207" failures="0" tests="1" name="GroupingMethods.GroupingConcepts" time="0.010" errors="0" timestamp="2025-01-22T20:04:36 IST" skipped="0">
  <testcase classname="GroupingMethods.GroupingConcepts" name="loginFacebook" time="0.010"/>
</testsuite> <!-- GroupingMethods.GroupingConcepts -->
