<?xml version="1.0" encoding="UTF-8"?>
<!-- Generated by org.testng.reporters.JUnitReportReporter -->
<testsuite hostname="LAPTOP-KAR4A207" failures="0" tests="2" name="allannotations.allanotations" time="0.014" errors="0" timestamp="2025-01-22T10:57:55 IST" skipped="0">
  <testcase classname="allannotations.allanotations" name="bt9" time="0.004"/>
  <testcase classname="allannotations.allanotations" name="bt5" time="0.010"/>
</testsuite> <!-- allannotations.allanotations -->
