<?xml version="1.0" encoding="UTF-8"?>
<!-- Generated by org.testng.reporters.JUnitReportReporter -->
<testsuite hostname="LAPTOP-KAR4A207" failures="0" tests="6" name="DataProviderDemo.ParamTest" time="10.169" errors="0" timestamp="2025-01-22T22:07:34 IST" skipped="0">
  <testcase classname="DataProviderDemo.ParamTest" name="testLogo" time="5.076"/>
  <testcase classname="DataProviderDemo.ParamTest" name="testLogo" time="5.049"/>
  <testcase classname="DataProviderDemo.ParamTest" name="testTitle" time="0.012"/>
  <testcase classname="DataProviderDemo.ParamTest" name="testTitle" time="0.011"/>
  <testcase classname="DataProviderDemo.ParamTest" name="testURL" time="0.009"/>
  <testcase classname="DataProviderDemo.ParamTest" name="testURL" time="0.012"/>
</testsuite> <!-- DataProviderDemo.ParamTest -->
