<?xml version="1.0" encoding="UTF-8"?>
<!-- Generated by org.testng.reporters.JUnitReportReporter -->
<testsuite hostname="LAPTOP-KAR4A207" failures="0" tests="1" name="AssertionMethods.HardAssertionsmethod" time="0.016" errors="0" timestamp="2025-01-22T19:09:29 IST" skipped="0">
  <testcase classname="AssertionMethods.HardAssertionsmethod" name="test" time="0.016"/>
</testsuite> <!-- AssertionMethods.HardAssertionsmethod -->
