<?xml version="1.0" encoding="UTF-8"?>
<!-- Generated by org.testng.reporters.JUnitReportReporter -->
<testsuite hostname="LAPTOP-KAR4A207" failures="0" tests="2" name="AnnotationTest.Annotationtestexer2" time="0.003" errors="0" timestamp="2025-01-22T10:36:16 IST" skipped="0">
  <testcase classname="AnnotationTest.Annotationtestexer2" name="search" time="0.001"/>
  <testcase classname="AnnotationTest.Annotationtestexer2" name="advancedsearch" time="0.002"/>
</testsuite> <!-- AnnotationTest.Annotationtestexer2 -->
