<?xml version="1.0" encoding="UTF-8"?>
<!-- Generated by org.testng.reporters.JUnitReportReporter -->
<testsuite hostname="LAPTOP-KAR4A207" failures="0" tests="2" name="Testanotationbeforafter.c1" time="0.012" errors="0" timestamp="2025-01-22T10:49:03 IST" skipped="0">
  <testcase classname="Testanotationbeforafter.c1" name="abc" time="0.001"/>
  <testcase classname="Testanotationbeforafter.c1" name="abc" time="0.011"/>
</testsuite> <!-- Testanotationbeforafter.c1 -->
