<?xml version="1.0" encoding="UTF-8"?>
<!-- Generated by org.testng.reporters.JUnitReportReporter -->
<testsuite hostname="LAPTOP-KAR4A207" failures="0" tests="1" name="DataProviderDemo.DataProviderExercises" time="8.275" errors="0" timestamp="2025-01-22T20:53:47 IST" skipped="0">
  <testcase classname="DataProviderDemo.DataProviderExercises" name="LoginTest" time="8.275"/>
</testsuite> <!-- DataProviderDemo.DataProviderExercises -->
