<?xml version="1.0" encoding="UTF-8"?>
<!-- Generated by org.testng.reporters.JUnitReportReporter -->
<testsuite hostname="LAPTOP-KAR4A207" failures="0" tests="1" name="GroupingMethods.PaymentsTestMethod" time="0.001" errors="0" timestamp="2025-01-22T20:04:36 IST" skipped="0">
  <testcase classname="GroupingMethods.PaymentsTestMethod" name="paymentInrupeess" time="0.001"/>
</testsuite> <!-- GroupingMethods.PaymentsTestMethod -->
