<?xml version="1.0" encoding="UTF-8"?>
<!-- Generated by org.testng.reporters.JUnitReportReporter -->
<testsuite hostname="LAPTOP-KAR4A207" failures="0" tests="3" name="TestNGPractise.OpenApplication" time="0.018" errors="0" timestamp="2025-01-22T10:06:06 IST" skipped="0">
  <testcase classname="TestNGPractise.OpenApplication" name="openapp" time="0.012"/>
  <testcase classname="TestNGPractise.OpenApplication" name="logout" time="0.002"/>
  <testcase classname="TestNGPractise.OpenApplication" name="login" time="0.004"/>
</testsuite> <!-- TestNGPractise.OpenApplication -->
