<?xml version="1.0" encoding="UTF-8"?>
<!-- Generated by org.testng.reporters.JUnitReportReporter -->
<testsuite hostname="LAPTOP-KAR4A207" failures="0" tests="1" name="PageObjectModel.TestMethod" time="7.962" errors="0" timestamp="2025-01-23T23:03:10 IST" skipped="0">
  <testcase classname="PageObjectModel.TestMethod" name="Test" time="7.962"/>
</testsuite> <!-- PageObjectModel.TestMethod -->
